{"level":"error","message":"Unknown authentication strategy \"bearer\"","timestamp":"2016-04-22T09:02:30.384Z"}
{"level":"error","message":"Cannot read property 'file' of undefined","timestamp":"2016-04-22T09:21:33.701Z"}
{"level":"error","message":"Cannot read property 'file' of undefined","timestamp":"2016-04-22T09:44:47.093Z"}
{"level":"error","message":"Cannot read property 'file' of undefined","timestamp":"2016-04-22T09:47:31.347Z"}
{"level":"error","message":"Cannot read property 'file' of undefined","timestamp":"2016-04-22T09:53:40.805Z"}
{"level":"error","message":"multipartyMiddleware is not defined","timestamp":"2016-04-22T11:13:07.001Z"}
{"level":"error","message":"s3uploder.fileUupload is not a function","timestamp":"2016-04-22T11:16:39.384Z"}
{"level":"error","message":"req is not defined","timestamp":"2016-04-22T11:24:28.615Z"}
{"level":"error","message":"req is not defined","timestamp":"2016-04-22T11:25:35.796Z"}
{"level":"error","message":"Cannot read property 'files' of undefined","timestamp":"2016-04-22T11:26:32.732Z"}
{"level":"error","message":"Cannot read property 'file' of undefined","timestamp":"2016-04-22T11:28:15.203Z"}
{"level":"error","message":"Cannot read property 'file' of undefined","timestamp":"2016-04-22T11:30:19.092Z"}
{"level":"error","message":"Cannot read property 'file' of undefined","timestamp":"2016-04-22T11:32:26.074Z"}
{"level":"error","message":"Cannot read property 'file' of undefined","timestamp":"2016-04-22T11:34:38.852Z"}
{"level":"error","message":"Cannot read property 'file' of undefined","timestamp":"2016-04-22T11:40:18.258Z"}
{"level":"error","message":"Cannot read property 'file' of undefined","timestamp":"2016-04-22T11:42:49.299Z"}
{"level":"error","message":"Cannot read property 'path' of undefined","timestamp":"2016-04-22T11:43:50.901Z"}
{"level":"error","message":"Cannot read property 'files' of undefined","timestamp":"2016-04-22T11:46:13.089Z"}
{"level":"error","message":"req is not defined","timestamp":"2016-04-22T11:50:44.283Z"}
{"level":"error","message":"file is not defined","timestamp":"2016-04-25T06:46:46.827Z"}
{"level":"error","message":"file is not defined","timestamp":"2016-04-25T06:52:05.442Z"}
{"level":"error","message":"Request aborted","timestamp":"2016-04-26T06:53:32.817Z"}
{"level":"error","message":"jQuery requires a window with a document","timestamp":"2016-04-28T14:13:03.251Z"}
{"level":"error","message":"JOSN is not defined","timestamp":"2016-05-16T13:06:54.432Z"}
{"level":"error","message":"Unexpected token ,","timestamp":"2016-05-16T13:11:33.891Z"}
{"level":"error","message":"The argument passed to findAll must be an options object, use findById if you wish to pass a single primary key value","timestamp":"2016-05-17T09:04:24.551Z"}
{"level":"error","message":"The argument passed to findAll must be an options object, use findById if you wish to pass a single primary key value","timestamp":"2016-05-17T09:06:14.969Z"}
{"level":"error","message":"wherecond.push is not a function","timestamp":"2016-05-17T09:19:04.809Z"}
{"level":"error","message":"wherecond.push is not a function","timestamp":"2016-05-17T09:31:51.900Z"}
{"level":"error","message":"vendor is not defined","timestamp":"2016-05-17T11:35:42.152Z"}
{"level":"error","message":"FormTemplateToVendor is not defined","timestamp":"2016-05-17T11:48:21.739Z"}
{"level":"error","message":"formTemplateToVendor is not defined","timestamp":"2016-05-18T05:52:15.426Z"}
{"level":"error","message":"Cannot read property 'username' of undefined","timestamp":"2016-05-24T06:24:05.264Z"}
{"level":"error","message":"Cannot read property 'username' of undefined","timestamp":"2016-05-24T06:28:59.724Z"}
{"level":"error","message":"Cannot read property 'username' of undefined","timestamp":"2016-05-24T06:30:00.171Z"}
{"level":"error","message":"Cannot read property 'username' of undefined","timestamp":"2016-05-24T06:53:13.456Z"}
{"level":"error","message":"Cannot read property 'username' of undefined","timestamp":"2016-05-24T06:53:31.817Z"}
{"level":"error","message":"Cannot read property 'username' of undefined","timestamp":"2016-05-24T06:53:43.495Z"}
